\BOOKMARK [1][-]{section.1}{\376\377\000.\000\040\000O\000b\000j\000e\000t\000i\000v\000o\000s}{}% 1
\BOOKMARK [1][-]{section.2}{\376\377\000.\000\040\000I\000n\000t\000r\000o\000d\000u\000\347\000\343\000o}{}% 2
\BOOKMARK [1][-]{section.3}{\376\377\000.\000\040\000M\000a\000t\000e\000r\000i\000a\000i\000s\000\040\000e\000\040\000e\000q\000u\000i\000p\000a\000m\000e\000n\000t\000o\000s\000\040\000u\000t\000i\000l\000i\000z\000a\000d\000o\000s}{}% 3
\BOOKMARK [1][-]{section.4}{\376\377\000.\000\040\000P\000r\000o\000c\000e\000d\000i\000m\000e\000n\000t\000o\000s\000\040\000E\000x\000p\000e\000r\000i\000m\000e\000n\000t\000a\000i\000s}{}% 4
\BOOKMARK [2][-]{subsection.4.1}{\376\377\000.\000\040\000P\000r\000o\000c\000e\000d\000i\000m\000e\000n\000t\000o\000\040\0002\000a\000:\000\040\000L\000e\000v\000a\000n\000t\000a\000m\000e\000n\000t\000o\000\040\000d\000a\000\040\000C\000u\000r\000v\000a\000\040\000C\000a\000r\000a\000c\000t\000e\000r\000\355\000s\000t\000i\000c\000a\000\040\000I\000D\000\040\000V\000D\000\040\000d\000o\000\040\000d\000i\000o\000d\000o\000\040\000B\000Y\0001\0002\0007\000.}{section.4}% 5
\BOOKMARK [3][-]{subsubsection.4.1.1}{\376\377\000a\000\051\000\040\000P\000o\000l\000a\000r\000i\000z\000a\000\347\000\343\000o\000\040\000d\000i\000r\000e\000t\000a}{subsection.4.1}% 6
\BOOKMARK [3][-]{subsubsection.4.1.2}{\376\377\000b\000\051\000\040\000P\000o\000l\000a\000r\000i\000z\000a\000\347\000\343\000o\000\040\000r\000e\000v\000e\000r\000s\000a}{subsection.4.1}% 7
\BOOKMARK [2][-]{subsection.4.2}{\376\377\000.\000\040\000P\000r\000o\000c\000e\000d\000i\000m\000e\000n\000t\000o\000\040\0002\000b\000:\000\040\000A\000n\000\341\000l\000i\000s\000e\000\040\000d\000e\000\040\000M\000o\000n\000t\000a\000g\000e\000n\000s\000\040\000s\000o\000b\000\040\000E\000x\000c\000i\000t\000a\000\347\000\343\000o\000\040\000S\000e\000n\000o\000i\000d\000a\000l}{section.4}% 8
\BOOKMARK [1][-]{section.5}{\376\377\000.\000\040\000R\000e\000s\000u\000l\000t\000a\000d\000o\000s\000\040\000e\000\040\000A\000n\000\341\000l\000i\000s\000e\000\040\000d\000o\000s\000\040\000R\000e\000s\000u\000l\000t\000a\000d\000o\000s}{}% 9
\BOOKMARK [2][-]{subsection.5.1}{\376\377\000.\000\040\000P\000r\000o\000c\000e\000d\000i\000m\000e\000n\000t\000o\000\040\0002\000a\000:\000\040\000C\000u\000r\000v\000a\000s\000\040\000C\000a\000r\000a\000c\000t\000e\000r\000\355\000s\000t\000i\000c\000a\000s\000\040\000I\000D\000\040\000V\000D}{section.5}% 10
\BOOKMARK [3][-]{subsubsection.5.1.1}{\376\377\000a\000\051\000\040\000P\000o\000l\000a\000r\000i\000z\000a\000\347\000\343\000o\000\040\000d\000i\000r\000e\000t\000a\000\040\000\050\0002\000a\0001\000\051}{subsection.5.1}% 11
\BOOKMARK [3][-]{subsubsection.5.1.2}{\376\377\000b\000\051\000\040\000P\000o\000l\000a\000r\000i\000z\000a\000\347\000\343\000o\000\040\000r\000e\000v\000e\000r\000s\000a\000\040\000\050\0002\000a\0002\000\051}{subsection.5.1}% 12
\BOOKMARK [2][-]{subsection.5.2}{\376\377\000.\000\040\000P\000r\000o\000c\000e\000d\000i\000m\000e\000n\000t\000o\000\040\0002\000b\000:\000\040\000A\000n\000\341\000l\000i\000s\000e\000\040\000T\000e\000m\000p\000o\000r\000a\000l\000\040\000d\000a\000s\000\040\000M\000o\000n\000t\000a\000g\000e\000n\000s\000\040\000S\000e\000n\000o\000i\000d\000a\000i\000s}{section.5}% 13
\BOOKMARK [3][-]{subsubsection.5.2.1}{\376\377\000C\000i\000r\000c\000u\000i\000t\000o\000\040\0001\000:\000\040\000D\000i\000o\000d\000o\000\040\000e\000m\000\040\000s\000\351\000r\000i\000e\000\040\000\050\000R\000e\000t\000i\000f\000i\000c\000a\000\347\000\343\000o\000\040\000d\000e\000\040\000m\000e\000i\000a\000\040\000o\000n\000d\000a\000\051}{subsection.5.2}% 14
\BOOKMARK [3][-]{subsubsection.5.2.2}{\376\377\000C\000i\000r\000c\000u\000i\000t\000o\000\040\0002\000:\000\040\000D\000o\000i\000s\000\040\000d\000i\000o\000d\000o\000s\000\040\000e\000m\000\040\000s\000\351\000r\000i\000e}{subsection.5.2}% 15
\BOOKMARK [3][-]{subsubsection.5.2.3}{\376\377\000C\000i\000r\000c\000u\000i\000t\000o\000\040\0003\000:\000\040\000D\000o\000i\000s\000\040\000d\000i\000o\000d\000o\000s\000\040\000e\000m\000\040\000a\000n\000t\000i\000s\000s\000\351\000r\000i\000e}{subsection.5.2}% 16
\BOOKMARK [3][-]{subsubsection.5.2.4}{\376\377\000C\000i\000r\000c\000u\000i\000t\000o\000\040\0004\000:\000\040\000D\000o\000i\000s\000\040\000d\000i\000o\000d\000o\000s\000\040\000e\000m\000\040\000a\000n\000t\000i\000p\000a\000r\000a\000l\000e\000l\000o}{subsection.5.2}% 17
\BOOKMARK [3][-]{subsubsection.5.2.5}{\376\377\000C\000i\000r\000c\000u\000i\000t\000o\000\040\0005\000:\000\040\000D\000i\000o\000d\000o\000\040\000c\000o\000m\000\040\000f\000i\000l\000t\000r\000o\000\040\000c\000a\000p\000a\000c\000i\000t\000i\000v\000o\000\040\000\050\000m\000e\000i\000a\000\040\000o\000n\000d\000a\000\040\000f\000i\000l\000t\000r\000a\000d\000a\000\051}{subsection.5.2}% 18
\BOOKMARK [2][-]{subsection.5.3}{\376\377\000.\000\040\000A\000n\000\341\000l\000i\000s\000e\000\040\000d\000o\000s\000\040\000R\000e\000s\000u\000l\000t\000a\000d\000o\000s\000\040\000E\000x\000p\000e\000r\000i\000m\000e\000n\000t\000a\000i\000s}{section.5}% 19
\BOOKMARK [1][-]{section.6}{\376\377\000.\000\040\000C\000o\000n\000c\000l\000u\000s\000\365\000e\000s}{}% 20
\BOOKMARK [1][-]{appendix.A}{\376\377\000.\000\040\000S\000c\000r\000i\000p\000t\000\040\000P\000y\000t\000h\000o\000n\000\040\000d\000e\000\040\000p\000l\000o\000t\000a\000g\000e\000m\000\040\000d\000o\000s\000\040\000d\000a\000d\000o\000s\000\040\000d\000a\000\040\000t\000a\000b\000e\000l\000a}{}% 21
